<?xml version="1.0" encoding="UTF-8"?>
<!-- Generated by org.testng.reporters.JUnitXMLReporter -->
<testsuite hostname="HIGURL65064" ignored="0" name="Sanity Test" tests="3" failures="0" timestamp="05 Oct 2018 15:26:49 GMT" time="67.949" errors="0">
  <testcase name="Harmanlogo_Display_Mainscreen" time="0.081" classname="Tests.HomeScreen"/>
  <testcase name="Broken_link_loginpage" time="11.706" classname="Tests.Loginbrokenlinks"/>
  <testcase name="Broken_link_Mainscreen" time="13.06" classname="Tests.DashBoardbrokenlinks"/>
</testsuite> <!-- Sanity Test -->
