<?xml version="1.0" encoding="UTF-8"?>
<!-- Generated by org.testng.reporters.JUnitXMLReporter -->
<testsuite hostname="HIGURL65064" ignored="0" name="Default test" tests="20" failures="0" timestamp="26 Dec 2018 13:05:22 GMT" time="28.317" errors="0">
  <testcase name="Harmanlogo_Display_Mainscreen" time="0.106" classname="Tests.Vehicle_dashboard"/>
  <testcase name="Vehicle_dashboard_link_status" time="0.078" classname="Tests.Vehicle_dashboard"/>
  <testcase name="Virtual_Mechanic_link_status" time="0.063" classname="Tests.Vehicle_dashboard"/>
  <testcase name="Accident_Reports_link_status" time="0.056" classname="Tests.Vehicle_dashboard"/>
  <testcase name="Trips_link_status" time="0.063" classname="Tests.Vehicle_dashboard"/>
  <testcase name="Family_Share_link_status" time="0.046" classname="Tests.Vehicle_dashboard"/>
  <testcase name="Geofences_link_status" time="0.078" classname="Tests.Vehicle_dashboard"/>
  <testcase name="Vehicle_Preferences_link_status" time="0.063" classname="Tests.Vehicle_dashboard"/>
  <testcase name="Emergency_Contact_link_status" time="0.078" classname="Tests.Vehicle_dashboard"/>
  <testcase name="Account_link_status" time="0.047" classname="Tests.Vehicle_dashboard"/>
  <testcase name="wifi_button_display" time="0.046" classname="Tests.Vehicle_dashboard"/>
  <testcase name="battery_status" time="0.063" classname="Tests.Vehicle_dashboard"/>
  <testcase name="Virtualmechanic_Mainscreen" time="0.047" classname="Tests.Vehicle_dashboard"/>
  <testcase name="Last_trip_Mainscreen" time="0.206" classname="Tests.Vehicle_dashboard"/>
  <testcase name="Triphistorylink_Mainscreen" time="0.033" classname="Tests.Vehicle_dashboard"/>
  <testcase name="Manage_Familysharinglink_Mainscreen" time="0.062" classname="Tests.Vehicle_dashboard"/>
  <testcase name="Geofencelink_Mainscreen" time="0.032" classname="Tests.Vehicle_dashboard"/>
  <testcase name="Harmanspark_Version_Mainscreen" time="0.047" classname="Tests.Vehicle_dashboard"/>
  <testcase name="Map_display_status" time="0.047" classname="Tests.Vehicle_dashboard"/>
  <testcase name="Vehicle_name" time="0.062" classname="Tests.Vehicle_dashboard"/>
</testsuite> <!-- Default test -->
