<?xml version="1.0" encoding="UTF-8"?>
<!-- Generated by org.testng.reporters.JUnitXMLReporter -->
<testsuite hostname="HIGURL65064" ignored="0" name="Default test" tests="13" failures="0" timestamp="25 Oct 2018 12:26:04 GMT" time="28.347" errors="0">
  <testcase name="Virtual_Mechanic_link_status" time="6.456" classname="Tests.VirtualMechanic"/>
  <testcase name="Current_diagnostics_display" time="1.595" classname="Tests.VirtualMechanic"/>
  <testcase name="Current_diagnostics_tab_clickable" time="0.06" classname="Tests.VirtualMechanic"/>
  <testcase name="faults_and_warnings" time="0.051" classname="Tests.VirtualMechanic"/>
  <testcase name="healthy_areas" time="0.063" classname="Tests.VirtualMechanic"/>
  <testcase name="Battery_health_displaying" time="0.047" classname="Tests.VirtualMechanic"/>
  <testcase name="Engine_health_displaying" time="0.046" classname="Tests.VirtualMechanic"/>
  <testcase name="Electrical_System_health_displaying" time="0.059" classname="Tests.VirtualMechanic"/>
  <testcase name="Gearbox_health_displaying" time="0.065" classname="Tests.VirtualMechanic"/>
  <testcase name="Auxilary_health_displaying" time="0.047" classname="Tests.VirtualMechanic"/>
  <testcase name="history_displaying" time="0.047" classname="Tests.VirtualMechanic"/>
  <testcase name="history_tab_clickable" time="0.031" classname="Tests.VirtualMechanic"/>
  <testcase name="history_of_faults_text_displaying" time="0.14" classname="Tests.VirtualMechanic"/>
</testsuite> <!-- Default test -->
