<?xml version="1.0" encoding="UTF-8"?>
<!-- Generated by org.testng.reporters.JUnitXMLReporter -->
<testsuite hostname="HIGURL65064" ignored="0" name="Sanity Test2" tests="2" failures="2" timestamp="21 Nov 2018 13:32:57 GMT" time="34.127" errors="0">
  <testcase name="Create_Geofence" time="13.382" classname="Tests.Geofencecreate">
    <failure type="org.sikuli.script.FindFailed" message="Image/new geofence name.png: (250x41) in S(0)[0,0 1920x1080] E:Y, T:3.0">
      <![CDATA[FindFailed: Image/new geofence name.png: (250x41) in S(0)[0,0 1920x1080] E:Y, T:3.0
  Line 2782, in file Region.java

at org.sikuli.script.Region.wait(Region.java:2782)
at org.sikuli.script.Region.wait(Region.java:2729)
at Tests.Geofencecreate.Create_Geofence(Geofencecreate.java:77)
at java.util.concurrent.ThreadPoolExecutor.runWorker(ThreadPoolExecutor.java:1149)
at java.util.concurrent.ThreadPoolExecutor$Worker.run(ThreadPoolExecutor.java:624)
at java.lang.Thread.run(Thread.java:748)
... Removed 10 stack frames]]>
    </failure>
  </testcase> <!-- Create_Geofence -->
  <testcase name="Delete_Geofence" time="3.746" classname="Tests.Geofencecreate">
    <failure type="org.sikuli.script.FindFailed" message="Image/iffco chowk.png: (210x58) in S(0)[0,0 1920x1080] E:Y, T:3.0">
      <![CDATA[FindFailed: Image/iffco chowk.png: (210x58) in S(0)[0,0 1920x1080] E:Y, T:3.0
  Line 2782, in file Region.java

at org.sikuli.script.Region.wait(Region.java:2782)
at org.sikuli.script.Region.find(Region.java:2329)
at org.sikuli.script.Region.getLocationFromTarget(Region.java:3238)
at org.sikuli.script.Region.click(Region.java:3736)
at org.sikuli.script.Region.click(Region.java:3721)
at Tests.Geofencecreate.Delete_Geofence(Geofencecreate.java:107)
at java.util.concurrent.ThreadPoolExecutor.runWorker(ThreadPoolExecutor.java:1149)
at java.util.concurrent.ThreadPoolExecutor$Worker.run(ThreadPoolExecutor.java:624)
at java.lang.Thread.run(Thread.java:748)
... Removed 10 stack frames]]>
    </failure>
  </testcase> <!-- Delete_Geofence -->
</testsuite> <!-- Sanity Test2 -->
