<?xml version="1.0" encoding="UTF-8"?>
<!-- Generated by org.testng.reporters.JUnitXMLReporter -->
<testsuite hostname="HIGURL65064" ignored="0" name="Sanity Test" tests="2" failures="2" timestamp="15 Nov 2018 13:27:57 GMT" time="28.609" errors="0">
  <testcase name="Create_Geofence" time="11.409" classname="Tests.Geofencecreate">
    <failure type="org.sikuli.script.FindFailed" message="can not find P(src/main/resources/sikuli-img/new geofence name.png) S: 0.7 on the screen.">
      <![CDATA[FindFailed: can not find P(src/main/resources/sikuli-img/new geofence name.png) S: 0.7 on the screen.
  Line 1574, in file Region.java

at org.sikuli.script.Region.handleFindFailed(Region.java:1574)
at org.sikuli.script.Region.wait(Region.java:1682)
at org.sikuli.script.Region.find(Region.java:1590)
at org.sikuli.script.Region.getLocationFromTarget(Region.java:1991)
at org.sikuli.script.Region.click(Region.java:2197)
at org.sikuli.script.Region.keyin(Region.java:2718)
at org.sikuli.script.Region.type(Region.java:2678)
at Tests.Geofencecreate.Create_Geofence(Geofencecreate.java:78)
at java.util.concurrent.ThreadPoolExecutor.runWorker(Unknown Source)
at java.util.concurrent.ThreadPoolExecutor$Worker.run(Unknown Source)
at java.lang.Thread.run(Unknown Source)
... Removed 10 stack frames]]>
    </failure>
  </testcase> <!-- Create_Geofence -->
  <testcase name="Delete_Geofence" time="3.343" classname="Tests.Geofencecreate">
    <failure type="org.sikuli.script.FindFailed" message="can not find P(src/main/resources/sikuli-img/iffco chowk.png) S: 0.7 on the screen.">
      <![CDATA[FindFailed: can not find P(src/main/resources/sikuli-img/iffco chowk.png) S: 0.7 on the screen.
  Line 1574, in file Region.java

at org.sikuli.script.Region.handleFindFailed(Region.java:1574)
at org.sikuli.script.Region.wait(Region.java:1682)
at org.sikuli.script.Region.find(Region.java:1590)
at org.sikuli.script.Region.getLocationFromTarget(Region.java:1991)
at org.sikuli.script.Region.click(Region.java:2197)
at org.sikuli.script.Region.click(Region.java:2181)
at Tests.Geofencecreate.Delete_Geofence(Geofencecreate.java:107)
at java.util.concurrent.ThreadPoolExecutor.runWorker(Unknown Source)
at java.util.concurrent.ThreadPoolExecutor$Worker.run(Unknown Source)
at java.lang.Thread.run(Unknown Source)
... Removed 10 stack frames]]>
    </failure>
  </testcase> <!-- Delete_Geofence -->
</testsuite> <!-- Sanity Test -->
